2019-12-08 12:36:10,802 - This is a debug message
2019-12-08 12:36:10,802 - This is an info message
2019-12-08 12:36:10,802 - This is a warning message
2019-12-08 12:36:10,802 - This is an error message
2019-12-08 12:36:10,802 - This is a critical message
2019-12-08 12:36:29,705 - This is a debug message
2019-12-08 12:36:29,706 - This is an info message
2019-12-08 12:36:29,706 - This is a warning message
2019-12-08 12:36:29,706 - This is an error message
2019-12-08 12:36:29,706 - This is a critical message
08-Dec-19 12:37:42 - This is a debug message
08-Dec-19 12:37:42 - This is an info message
08-Dec-19 12:37:42 - This is a warning message
08-Dec-19 12:37:42 - This is an error message
08-Dec-19 12:37:42 - This is a critical message
08-Dec-19 12:42:39 - This is a debug message
08-Dec-19 12:42:39 - This is an info message
08-Dec-19 12:42:39 - This is a warning message
08-Dec-19 12:42:39 - This is an error message
08-Dec-19 12:42:39 - This is a critical message
08-Dec-19 12:42:39 - Ankur raised an error
